2025-11-18 16:48:08,650 - INFO - ======================================================================
2025-11-18 16:48:08,650 - INFO - CREANDO NUEVO PERFIL
2025-11-18 16:48:08,650 - INFO - ======================================================================
2025-11-18 16:48:08,713 - INFO - Perfil generado:
2025-11-18 16:48:08,713 - INFO -   Nombre: Isabel Iglesia
2025-11-18 16:48:08,714 - INFO -   Edad: 36
2025-11-18 16:48:08,714 - INFO -   Ciudad: Loja
2025-11-18 16:48:08,714 - INFO -   Región: loja
2025-11-18 16:48:08,714 - INFO -   Dispositivo: desktop
2025-11-18 16:48:08,714 - INFO -   Intereses: diy, cooking, business, religion, real_estate, family
2025-11-18 16:48:13,192 - INFO - ✅ Proxy funcionando:
2025-11-18 16:48:13,192 - INFO -   IP: 186.68.112.13
2025-11-18 16:48:13,192 - INFO -   País: None
2025-11-18 16:48:13,192 - INFO -   Ciudad: None
2025-11-18 16:48:13,192 - INFO -   ISP: None
2025-11-18 16:48:13,192 - INFO -   Tipo: residential
2025-11-18 16:48:13,811 - INFO - ======================================================================
2025-11-18 16:48:13,811 - INFO - ✅ PERFIL CREADO EXITOSAMENTE
2025-11-18 16:48:13,811 - INFO - ======================================================================
2025-11-18 16:48:13,811 - INFO - ID: k17416ba
2025-11-18 16:48:13,811 - INFO - Nombre: Isabel Iglesia
2025-11-18 16:48:13,811 - INFO - Ciudad: Loja
2025-11-18 16:48:13,811 - INFO - Región: loja
2025-11-18 16:48:13,812 - INFO - Tipo: DESKTOP (residential)
2025-11-18 16:48:13,812 - INFO - Warmup: No
2025-11-18 16:48:13,812 - INFO - ======================================================================
