2025-11-18 18:34:28,953 - INFO - ✅ Sesión iniciada en 3x-ui
2025-11-18 18:34:28,953 - INFO - 🔧 Configurando inbound para 3x-ui...
2025-11-18 18:34:28,957 - INFO - 🔄 Auto-seleccionando Inbound ID 1
2025-11-18 18:34:28,957 - INFO -    Puerto: 33910
2025-11-18 18:34:28,957 - INFO -    Protocolo: vless
2025-11-18 18:34:28,958 - INFO - ✅ 3x-ui inicializado - Usando Inbound ID: 1
2025-11-18 18:34:51,716 - INFO - ======================================================================
2025-11-18 18:34:51,717 - INFO - CREANDO NUEVO PERFIL
2025-11-18 18:34:51,717 - INFO - ======================================================================
2025-11-18 18:34:51,795 - INFO - Perfil generado:
2025-11-18 18:34:51,795 - INFO -   Nombre: Jorge Sierra
2025-11-18 18:34:51,795 - INFO -   Edad: 24
2025-11-18 18:34:51,795 - INFO -   Ciudad: Quito
2025-11-18 18:34:51,795 - INFO -   Región: pichincha
2025-11-18 18:34:51,795 - INFO -   Dispositivo: desktop
2025-11-18 18:34:51,795 - INFO -   Intereses: tiktok, gaming, music, youtube
2025-11-18 18:34:55,965 - INFO - ✅ Proxy funcionando:
2025-11-18 18:34:55,966 - INFO -   IP: 181.78.203.247
2025-11-18 18:34:55,966 - INFO -   País: None
2025-11-18 18:34:55,966 - INFO -   Ciudad: None
2025-11-18 18:34:55,966 - INFO -   ISP: None
2025-11-18 18:34:55,966 - INFO -   Tipo: residential
2025-11-18 18:34:56,397 - INFO - ✅ Cliente 3x-ui creado: Jorge_Sierra_k1742q9q
2025-11-18 18:34:56,397 - INFO -    UUID: f80cd228-de7f-491e-8516-81290b1d909e
2025-11-18 18:34:56,397 - INFO -    Límite: 50 GB
2025-11-18 18:34:56,397 - INFO -    Expira: 30 días
2025-11-18 18:34:56,397 - INFO - ✅ Cliente 3x-ui vinculado al perfil
2025-11-18 18:34:56,397 - INFO -    Email: Jorge_Sierra_k1742q9q
2025-11-18 18:34:56,397 - INFO -    UUID: f80cd228-de7f-491e-8516-81290b1d909e
2025-11-18 18:34:56,397 - INFO -    Límite: 50 GB
2025-11-18 18:34:56,398 - INFO - ======================================================================
2025-11-18 18:34:56,398 - INFO - ✅ PERFIL CREADO EXITOSAMENTE
2025-11-18 18:34:56,399 - INFO - ======================================================================
2025-11-18 18:34:56,399 - INFO - ID: k1742q9q
2025-11-18 18:34:56,399 - INFO - Nombre: Jorge Sierra
2025-11-18 18:34:56,399 - INFO - Ciudad: Quito
2025-11-18 18:34:56,399 - INFO - Región: pichincha
2025-11-18 18:34:56,399 - INFO - Tipo: DESKTOP (residential)
2025-11-18 18:34:56,399 - INFO - Warmup: No
2025-11-18 18:34:56,399 - INFO - ======================================================================
2025-11-18 18:38:04,421 - INFO - ======================================================================
2025-11-18 18:38:04,423 - INFO - CREANDO NUEVO PERFIL
2025-11-18 18:38:04,423 - INFO - ======================================================================
2025-11-18 18:38:04,470 - INFO - Perfil generado:
2025-11-18 18:38:04,470 - INFO -   Nombre: Daniela Ricart
2025-11-18 18:38:04,470 - INFO -   Edad: 34
2025-11-18 18:38:04,470 - INFO -   Ciudad: Loja
2025-11-18 18:38:04,470 - INFO -   Región: loja
2025-11-18 18:38:04,470 - INFO -   Dispositivo: desktop
2025-11-18 18:38:04,470 - INFO -   Intereses: cars, fitness, real_estate, travel
2025-11-18 18:38:10,780 - INFO - ✅ Proxy funcionando:
2025-11-18 18:38:10,780 - INFO -   IP: 186.68.125.166
2025-11-18 18:38:10,780 - INFO -   País: None
2025-11-18 18:38:10,780 - INFO -   Ciudad: None
2025-11-18 18:38:10,780 - INFO -   ISP: None
2025-11-18 18:38:10,780 - INFO -   Tipo: residential
2025-11-18 18:38:11,663 - INFO - ✅ Cliente 3x-ui creado: Daniela_Ricart_k1742rsj
2025-11-18 18:38:11,663 - INFO -    UUID: 26e85368-9544-4937-9f10-cf70a412735a
2025-11-18 18:38:11,663 - INFO -    Límite: 50 GB
2025-11-18 18:38:11,663 - INFO -    Expira: 30 días
2025-11-18 18:38:11,663 - INFO - ✅ Cliente 3x-ui vinculado al perfil
2025-11-18 18:38:11,663 - INFO -    Email: Daniela_Ricart_k1742rsj
2025-11-18 18:38:11,663 - INFO -    UUID: 26e85368-9544-4937-9f10-cf70a412735a
2025-11-18 18:38:11,663 - INFO -    Límite: 50 GB
2025-11-18 18:38:11,664 - INFO - ======================================================================
2025-11-18 18:38:11,664 - INFO - ✅ PERFIL CREADO EXITOSAMENTE
2025-11-18 18:38:11,664 - INFO - ======================================================================
2025-11-18 18:38:11,664 - INFO - ID: k1742rsj
2025-11-18 18:38:11,664 - INFO - Nombre: Daniela Ricart
2025-11-18 18:38:11,664 - INFO - Ciudad: Loja
2025-11-18 18:38:11,664 - INFO - Región: loja
2025-11-18 18:38:11,665 - INFO - Tipo: DESKTOP (residential)
2025-11-18 18:38:11,665 - INFO - Warmup: No
2025-11-18 18:38:11,665 - INFO - ======================================================================
2025-11-18 18:40:03,134 - INFO - ======================================================================
2025-11-18 18:40:03,136 - INFO - CREANDO NUEVO PERFIL
2025-11-18 18:40:03,136 - INFO - ======================================================================
2025-11-18 18:40:03,231 - INFO - Perfil generado:
2025-11-18 18:40:03,231 - INFO -   Nombre: Rosa Pellicer
2025-11-18 18:40:03,231 - INFO -   Edad: 20
2025-11-18 18:40:03,231 - INFO -   Ciudad: Quito
2025-11-18 18:40:03,232 - INFO -   Región: pichincha
2025-11-18 18:40:03,232 - INFO -   Dispositivo: desktop
2025-11-18 18:40:03,232 - INFO -   Intereses: instagram, tiktok, social_media, streaming, technology, youtube, music
2025-11-18 18:40:07,365 - INFO - ✅ Proxy funcionando:
2025-11-18 18:40:07,366 - INFO -   IP: 157.100.137.120
2025-11-18 18:40:07,366 - INFO -   País: None
2025-11-18 18:40:07,366 - INFO -   Ciudad: None
2025-11-18 18:40:07,366 - INFO -   ISP: None
2025-11-18 18:40:07,366 - INFO -   Tipo: residential
2025-11-18 18:40:08,307 - INFO - ✅ Cliente 3x-ui creado: Rosa_Pellicer_k1742svv
2025-11-18 18:40:08,307 - INFO -    UUID: 2703fc22-88f8-47c8-bd3b-3e23253126f3
2025-11-18 18:40:08,307 - INFO -    Límite: 50 GB
2025-11-18 18:40:08,307 - INFO -    Expira: 30 días
2025-11-18 18:40:08,307 - INFO - ✅ Cliente 3x-ui vinculado al perfil
2025-11-18 18:40:08,307 - INFO -    Email: Rosa_Pellicer_k1742svv
2025-11-18 18:40:08,307 - INFO -    UUID: 2703fc22-88f8-47c8-bd3b-3e23253126f3
2025-11-18 18:40:08,307 - INFO -    Límite: 50 GB
2025-11-18 18:40:08,309 - INFO - ======================================================================
2025-11-18 18:40:08,309 - INFO - ✅ PERFIL CREADO EXITOSAMENTE
2025-11-18 18:40:08,309 - INFO - ======================================================================
2025-11-18 18:40:08,309 - INFO - ID: k1742svv
2025-11-18 18:40:08,309 - INFO - Nombre: Rosa Pellicer
2025-11-18 18:40:08,309 - INFO - Ciudad: Quito
2025-11-18 18:40:08,309 - INFO - Región: pichincha
2025-11-18 18:40:08,309 - INFO - Tipo: DESKTOP (residential)
2025-11-18 18:40:08,310 - INFO - Warmup: No
2025-11-18 18:40:08,310 - INFO - ======================================================================
