2025-11-20 12:38:10,143 - INFO - ======================================================================
2025-11-20 12:38:10,143 - INFO - CREANDO NUEVO PERFIL
2025-11-20 12:38:10,143 - INFO - ======================================================================
2025-11-20 12:38:10,206 - INFO - Perfil generado:
2025-11-20 12:38:10,207 - INFO -   Nombre: Sebastián Salvà
2025-11-20 12:38:10,207 - INFO -   Edad: 26
2025-11-20 12:38:10,207 - INFO -   Ciudad: Quito
2025-11-20 12:38:10,207 - INFO -   Región: pichincha
2025-11-20 12:38:10,207 - INFO -   Dispositivo: mobile
2025-11-20 12:38:10,207 - INFO -   Tipo Proxy: mobile
2025-11-20 12:38:10,207 - INFO - 
📱 FINGERPRINTS MÓVILES:
2025-11-20 12:38:10,207 - INFO -   ├─ Dispositivo: Samsung Galaxy S23 Ultra
2025-11-20 12:38:10,207 - INFO -   ├─ Resolución: 1440x3088
2025-11-20 12:38:10,207 - INFO -   ├─ Viewport: 412x915
2025-11-20 12:38:10,207 - INFO -   ├─ Pixel Ratio: 3.5x
2025-11-20 12:38:10,207 - INFO -   ├─ CPU Cores: 8
2025-11-20 12:38:10,207 - INFO -   ├─ RAM: 12GB
2025-11-20 12:38:10,208 - INFO -   ├─ Touch Points: 5
2025-11-20 12:38:10,208 - INFO -   ├─ Platform: Linux armv81
2025-11-20 12:38:10,208 - INFO -   ├─ Renderer: Adreno (TM) 740
2025-11-20 12:38:10,208 - INFO -   └─ User Agent: Mozilla/5.0 (Linux; Android 14; SM-S918B) AppleWebKit/537.36 (KHTML, like Gecko)...
2025-11-20 12:38:10,208 - INFO -   Intereses: news_apps, shopping, fitness_apps
2025-11-20 12:38:14,502 - INFO - ✅ Proxy MOBILE funcionando:
2025-11-20 12:38:14,502 - INFO -   IP: 190.152.81.65
2025-11-20 12:38:14,502 - INFO -   País: None
2025-11-20 12:38:14,502 - INFO -   Ciudad: None
2025-11-20 12:38:14,502 - INFO -   ISP: None
2025-11-20 12:38:14,502 - INFO -   Tipo: mobile
2025-11-20 12:38:15,023 - ERROR - ❌ Error creando perfil: Error de AdsPower API: screen_resolution incorrect format,the format is: width_height
