2025-11-19 18:32:33,825 - INFO - ✅ Sesión iniciada en 3x-ui
2025-11-19 18:32:33,825 - INFO - 🔧 Configurando inbound para 3x-ui...
2025-11-19 18:32:33,829 - INFO - 🔄 Auto-seleccionando Inbound ID 1
2025-11-19 18:32:33,829 - INFO -    Puerto: 33910
2025-11-19 18:32:33,829 - INFO -    Protocolo: vless
2025-11-19 18:32:33,829 - INFO - ✅ 3x-ui inicializado - Usando Inbound ID: 1
2025-11-19 18:32:33,837 - INFO - ✅ Squid Manager inicializado
2025-11-19 18:32:36,660 - INFO - ✅ Proxy funcionando - IP: 157.100.64.10
2025-11-19 18:32:48,927 - INFO - ======================================================================
2025-11-19 18:32:48,927 - INFO - CREANDO NUEVO PERFIL
2025-11-19 18:32:48,927 - INFO - ======================================================================
2025-11-19 18:32:48,988 - INFO - Perfil generado:
2025-11-19 18:32:48,988 - INFO -   Nombre: Alejandro Ropero
2025-11-19 18:32:48,988 - INFO -   Edad: 36
2025-11-19 18:32:48,988 - INFO -   Ciudad: Loja
2025-11-19 18:32:48,989 - INFO -   Región: loja
2025-11-19 18:32:48,989 - INFO -   Dispositivo: desktop
2025-11-19 18:32:48,989 - INFO -   Intereses: business, health, politics, cooking, gardening
2025-11-19 18:32:48,994 - INFO - ✅ Squid Manager inicializado
2025-11-19 18:32:51,800 - INFO - ✅ Proxy funcionando - IP: 157.100.64.10
2025-11-19 18:32:51,802 - INFO - ✅ Proxy Squid → SOAX funcionando:
2025-11-19 18:32:51,802 - INFO -   IP SOAX: 157.100.64.10
2025-11-19 18:32:51,802 - INFO -   Tiempo respuesta: 0.38s
2025-11-19 18:32:51,802 - INFO -   🔍 Tráfico será monitoreado por Squid
2025-11-19 18:32:52,521 - INFO - ✅ Cliente 3x-ui creado: Alejandro_Ropero_k175926w
2025-11-19 18:32:52,521 - INFO -    UUID: eb9e504a-acb1-41ae-adea-03ed813909d4
2025-11-19 18:32:52,521 - INFO -    Límite: 50 GB
2025-11-19 18:32:52,522 - INFO -    Expira: 30 días
2025-11-19 18:32:52,522 - INFO - ✅ Cliente 3x-ui vinculado al perfil
2025-11-19 18:32:52,522 - INFO -    Email: Alejandro_Ropero_k175926w
2025-11-19 18:32:52,522 - INFO -    UUID: eb9e504a-acb1-41ae-adea-03ed813909d4
2025-11-19 18:32:52,522 - INFO -    Límite: 50 GB
2025-11-19 18:32:52,522 - ERROR - ❌ Error creando perfil: 'proxy_type'
2025-11-19 18:32:52,522 - INFO - Limpiando perfil fallido...
