2025-11-18 14:42:43,790 - INFO - ======================================================================
2025-11-18 14:42:43,790 - INFO - CREANDO NUEVO PERFIL
2025-11-18 14:42:43,790 - INFO - ======================================================================
2025-11-18 14:42:43,864 - INFO - Perfil generado:
2025-11-18 14:42:43,864 - INFO -   Nombre: Jessica Mínguez
2025-11-18 14:42:43,864 - INFO -   Edad: 39
2025-11-18 14:42:43,864 - INFO -   Ciudad: Loja
2025-11-18 14:42:43,865 - INFO -   Región: loja
2025-11-18 14:42:43,865 - INFO -   Dispositivo: desktop
2025-11-18 14:42:43,865 - INFO -   Intereses: religion, health, news, politics, business, family, real_estate
2025-11-18 14:42:49,070 - INFO - ✅ Proxy funcionando:
2025-11-18 14:42:49,071 - INFO -   IP: 45.161.33.174
2025-11-18 14:42:49,071 - INFO -   País: None
2025-11-18 14:42:49,071 - INFO -   Ciudad: None
2025-11-18 14:42:49,071 - INFO -   ISP: None
2025-11-18 14:42:49,071 - INFO -   Tipo: residential
2025-11-18 14:42:49,691 - INFO - ======================================================================
2025-11-18 14:42:49,691 - INFO - ✅ PERFIL CREADO EXITOSAMENTE
2025-11-18 14:42:49,691 - INFO - ======================================================================
2025-11-18 14:42:49,692 - INFO - ID: k173xovw
2025-11-18 14:42:49,692 - INFO - Nombre: Jessica Mínguez
2025-11-18 14:42:49,692 - INFO - Tipo: DESKTOP (residential)
2025-11-18 14:42:49,692 - INFO - Warmup: No
2025-11-18 14:42:49,692 - INFO - ======================================================================
