2025-11-18 17:07:10,490 - INFO - ======================================================================
2025-11-18 17:07:10,490 - INFO - CREANDO NUEVO PERFIL
2025-11-18 17:07:10,490 - INFO - ======================================================================
2025-11-18 17:07:10,546 - INFO - Perfil generado:
2025-11-18 17:07:10,546 - INFO -   Nombre: Jessica Mur
2025-11-18 17:07:10,546 - INFO -   Edad: 34
2025-11-18 17:07:10,546 - INFO -   Ciudad: Loja
2025-11-18 17:07:10,546 - INFO -   Región: loja
2025-11-18 17:07:10,546 - INFO -   Dispositivo: desktop
2025-11-18 17:07:10,546 - INFO -   Intereses: fitness, news, finance, cars, technology, sports
2025-11-18 17:07:14,387 - INFO - ✅ Proxy funcionando:
2025-11-18 17:07:14,387 - INFO -   IP: 45.70.200.251
2025-11-18 17:07:14,387 - INFO -   País: None
2025-11-18 17:07:14,387 - INFO -   Ciudad: None
2025-11-18 17:07:14,387 - INFO -   ISP: None
2025-11-18 17:07:14,387 - INFO -   Tipo: residential
2025-11-18 17:07:14,982 - WARNING - No se pudo crear cliente 3x-ui: Error en 3x-ui: name 'datetime' is not defined
2025-11-18 17:07:14,983 - INFO - ======================================================================
2025-11-18 17:07:14,983 - INFO - ✅ PERFIL CREADO EXITOSAMENTE
2025-11-18 17:07:14,983 - INFO - ======================================================================
2025-11-18 17:07:14,983 - INFO - ID: k1741hc8
2025-11-18 17:07:14,984 - INFO - Nombre: Jessica Mur
2025-11-18 17:07:14,984 - INFO - Ciudad: Loja
2025-11-18 17:07:14,984 - INFO - Región: loja
2025-11-18 17:07:14,984 - INFO - Tipo: DESKTOP (residential)
2025-11-18 17:07:14,984 - INFO - Warmup: No
2025-11-18 17:07:14,984 - INFO - ======================================================================
