2025-11-18 15:15:53,937 - INFO - ======================================================================
2025-11-18 15:15:53,937 - INFO - CREANDO NUEVO PERFIL
2025-11-18 15:15:53,937 - INFO - ======================================================================
2025-11-18 15:15:54,050 - INFO - Perfil generado:
2025-11-18 15:15:54,050 - INFO -   Nombre: Carlos Iñiguez
2025-11-18 15:15:54,050 - INFO -   Edad: 37
2025-11-18 15:15:54,051 - INFO -   Ciudad: Loja
2025-11-18 15:15:54,051 - INFO -   Región: loja
2025-11-18 15:15:54,051 - INFO -   Dispositivo: desktop
2025-11-18 15:15:54,051 - INFO -   Intereses: cooking, real_estate, health, diy, politics
2025-11-18 15:15:59,306 - INFO - ✅ Proxy funcionando:
2025-11-18 15:15:59,306 - INFO -   IP: 181.78.197.14
2025-11-18 15:15:59,306 - INFO -   País: None
2025-11-18 15:15:59,306 - INFO -   Ciudad: None
2025-11-18 15:15:59,307 - INFO -   ISP: None
2025-11-18 15:15:59,307 - INFO -   Tipo: residential
2025-11-18 15:16:00,212 - INFO - ======================================================================
2025-11-18 15:16:00,213 - INFO - ✅ PERFIL CREADO EXITOSAMENTE
2025-11-18 15:16:00,213 - INFO - ======================================================================
2025-11-18 15:16:00,213 - INFO - ID: k173yfa9
2025-11-18 15:16:00,213 - INFO - Nombre: Carlos Iñiguez
2025-11-18 15:16:00,213 - INFO - Ciudad: Loja
2025-11-18 15:16:00,213 - INFO - Región: loja
2025-11-18 15:16:00,213 - INFO - Tipo: DESKTOP (residential)
2025-11-18 15:16:00,213 - INFO - Warmup: No
2025-11-18 15:16:00,213 - INFO - ======================================================================
