2025-11-20 10:53:32,639 - INFO - ======================================================================
2025-11-20 10:53:32,639 - INFO - CREANDO NUEVO PERFIL
2025-11-20 10:53:32,639 - INFO - ======================================================================
2025-11-20 10:53:32,703 - INFO - Perfil generado:
2025-11-20 10:53:32,703 - INFO -   Nombre: Jessica Romeu
2025-11-20 10:53:32,704 - INFO -   Edad: 23
2025-11-20 10:53:32,704 - INFO -   Ciudad: Quito
2025-11-20 10:53:32,704 - INFO -   Región: pichincha
2025-11-20 10:53:32,704 - INFO -   Dispositivo: mobile
2025-11-20 10:53:32,704 - INFO -   Tipo Proxy: mobile
2025-11-20 10:53:32,704 - INFO -   Intereses: snapchat, mobile_gaming, instagram, social_media
2025-11-20 10:53:37,465 - INFO - ✅ Proxy MOBILE funcionando:
2025-11-20 10:53:37,465 - INFO -   IP: 181.196.73.43
2025-11-20 10:53:37,465 - INFO -   País: None
2025-11-20 10:53:37,465 - INFO -   Ciudad: None
2025-11-20 10:53:37,465 - INFO -   ISP: None
2025-11-20 10:53:37,465 - INFO -   Tipo: mobile
2025-11-20 10:53:38,007 - INFO - ======================================================================
2025-11-20 10:53:38,007 - INFO - ✅ PERFIL CREADO EXITOSAMENTE
2025-11-20 10:53:38,007 - INFO - ======================================================================
2025-11-20 10:53:38,007 - INFO - ID: k1763ebm
2025-11-20 10:53:38,007 - INFO - Nombre: Jessica Romeu
2025-11-20 10:53:38,007 - INFO - Ciudad: Quito
2025-11-20 10:53:38,007 - INFO - Región: pichincha
2025-11-20 10:53:38,007 - INFO - Tipo: MOBILE (mobile)
2025-11-20 10:53:38,008 - INFO - Warmup: No
2025-11-20 10:53:38,008 - INFO - ======================================================================
